carpooling ride share/Android/Android/sharetaxiandroidstudio/app/build/intermediates/manifest_merge_blame_file/debug/manifest-merger-blame-debug-report.txt
1<?xml version="1.0" encoding="utf-8"?>
2<manifest xmlns:android="http://schemas.android.com/apk/res/android"
3    package="com.example.sharetaxi"
4    android:versionCode="1"
5    android:versionName="1.0" >
6
7    <uses-sdk
7-->src\main\AndroidManifest.xml:7:5-9:41
8        android:minSdkVersion="19"
8-->src\main\AndroidManifest.xml:8:9-35
9        android:targetSdkVersion="30" />
9-->src\main\AndroidManifest.xml:9:9-38
10
11    <uses-permission android:name="android.permission.INTERNET" />
11-->src\main\AndroidManifest.xml:11:5-67
11-->src\main\AndroidManifest.xml:11:22-64
12    <uses-permission android:name="android.permission.CALL_PHONE" />
12-->src\main\AndroidManifest.xml:12:5-69
12-->src\main\AndroidManifest.xml:12:22-66
13    <uses-permission android:name="android.permission.ACCESS_COARSE_LOCATION" />
13-->src\main\AndroidManifest.xml:13:5-81
13-->src\main\AndroidManifest.xml:13:22-78
14    <uses-permission android:name="android.permission.ACCESS_FINE_LOCATION" />
14-->src\main\AndroidManifest.xml:14:5-79
14-->src\main\AndroidManifest.xml:14:22-76
15    <uses-permission android:name="android.permission.SEND_SMS" />
15-->src\main\AndroidManifest.xml:15:5-67
15-->src\main\AndroidManifest.xml:15:22-64
16
17    <application
17-->src\main\AndroidManifest.xml:18:5-125:19
18        android:allowBackup="true"
18-->src\main\AndroidManifest.xml:19:9-35
19        android:appComponentFactory="android.support.v4.app.CoreComponentFactory"
19-->[com.android.support:support-compat:28.0.0] AndroidManifest.xml:22:18-91
20        android:debuggable="true"
21        android:icon="@drawable/userlogo"
21-->src\main\AndroidManifest.xml:20:9-42
22        android:label="@string/app_name"
22-->src\main\AndroidManifest.xml:21:9-41
23        android:requestLegacyExternalStorage="true"
23-->src\main\AndroidManifest.xml:22:9-52
24        android:theme="@style/AppTheme"
24-->src\main\AndroidManifest.xml:23:9-40
25        android:usesCleartextTraffic="true" >
25-->src\main\AndroidManifest.xml:24:9-44
26        <activity
26-->src\main\AndroidManifest.xml:25:9-31:20
27            android:name="com.example.sharetaxi.Sharetofriend"
27-->src\main\AndroidManifest.xml:26:13-42
28            android:exported="false" >
28-->src\main\AndroidManifest.xml:27:13-37
29            <meta-data
29-->src\main\AndroidManifest.xml:28:13-30:36
30                android:name="android.app.lib_name"
30-->src\main\AndroidManifest.xml:29:17-52
31                android:value="" />
31-->src\main\AndroidManifest.xml:30:17-33
32        </activity>
33        <activity
33-->src\main\AndroidManifest.xml:32:9-38:20
34            android:name="com.example.sharetaxi.Payment"
34-->src\main\AndroidManifest.xml:33:13-36
35            android:exported="false" >
35-->src\main\AndroidManifest.xml:34:13-37
36            <meta-data
36-->src\main\AndroidManifest.xml:28:13-30:36
37                android:name="android.app.lib_name"
37-->src\main\AndroidManifest.xml:29:17-52
38                android:value="" />
38-->src\main\AndroidManifest.xml:30:17-33
39        </activity>
40        <activity
40-->src\main\AndroidManifest.xml:39:9-45:20
41            android:name="com.example.sharetaxi.Managewallet"
41-->src\main\AndroidManifest.xml:40:13-41
42            android:exported="false" >
42-->src\main\AndroidManifest.xml:41:13-37
43            <meta-data
43-->src\main\AndroidManifest.xml:28:13-30:36
44                android:name="android.app.lib_name"
44-->src\main\AndroidManifest.xml:29:17-52
45                android:value="" />
45-->src\main\AndroidManifest.xml:30:17-33
46        </activity>
47        <activity
47-->src\main\AndroidManifest.xml:46:9-52:20
48            android:name="com.example.sharetaxi.Myshares"
48-->src\main\AndroidManifest.xml:47:13-37
49            android:exported="false" >
49-->src\main\AndroidManifest.xml:48:13-37
50            <meta-data
50-->src\main\AndroidManifest.xml:28:13-30:36
51                android:name="android.app.lib_name"
51-->src\main\AndroidManifest.xml:29:17-52
52                android:value="" />
52-->src\main\AndroidManifest.xml:30:17-33
53        </activity>
54        <activity
54-->src\main\AndroidManifest.xml:53:9-59:20
55            android:name="com.example.sharetaxi.View_Payment"
55-->src\main\AndroidManifest.xml:54:13-41
56            android:exported="false" >
56-->src\main\AndroidManifest.xml:55:13-37
57            <meta-data
57-->src\main\AndroidManifest.xml:28:13-30:36
58                android:name="android.app.lib_name"
58-->src\main\AndroidManifest.xml:29:17-52
59                android:value="" />
59-->src\main\AndroidManifest.xml:30:17-33
60        </activity>
61        <activity android:name="com.example.sharetaxi.Set_new_password" />
61-->src\main\AndroidManifest.xml:60:9-54
61-->src\main\AndroidManifest.xml:60:19-51
62        <activity android:name="com.example.sharetaxi.Forgot_password" />
62-->src\main\AndroidManifest.xml:61:9-53
62-->src\main\AndroidManifest.xml:61:19-50
63        <activity
63-->src\main\AndroidManifest.xml:62:9-70:20
64            android:name="com.example.sharetaxi.IPSETTINGS"
64-->src\main\AndroidManifest.xml:63:13-39
65            android:label="@string/app_name" >
65-->src\main\AndroidManifest.xml:64:13-45
66            <intent-filter>
66-->src\main\AndroidManifest.xml:65:13-69:29
67                <action android:name="android.intent.action.MAIN" />
67-->src\main\AndroidManifest.xml:66:17-69
67-->src\main\AndroidManifest.xml:66:25-66
68
69                <category android:name="android.intent.category.LAUNCHER" />
69-->src\main\AndroidManifest.xml:68:17-77
69-->src\main\AndroidManifest.xml:68:27-74
70            </intent-filter>
71        </activity>
72
73        <service android:name="com.example.sharetaxi.LocationService" />
73-->src\main\AndroidManifest.xml:72:9-52
73-->src\main\AndroidManifest.xml:72:18-49
74
75        <activity
75-->src\main\AndroidManifest.xml:74:9-76:60
76            android:name="com.example.sharetaxi.Login"
76-->src\main\AndroidManifest.xml:75:13-34
77            android:label="@string/title_activity_login" />
77-->src\main\AndroidManifest.xml:76:13-57
78        <activity
78-->src\main\AndroidManifest.xml:77:9-79:67
79            android:name="com.example.sharetaxi.Registration"
79-->src\main\AndroidManifest.xml:78:13-41
80            android:label="@string/title_activity_registration" />
80-->src\main\AndroidManifest.xml:79:13-64
81        <activity
81-->src\main\AndroidManifest.xml:80:9-82:68
82            android:name="com.example.sharetaxi.SEND_REQUEST"
82-->src\main\AndroidManifest.xml:81:13-41
83            android:label="@string/title_activity_send__request" />
83-->src\main\AndroidManifest.xml:82:13-65
84        <activity
84-->src\main\AndroidManifest.xml:83:9-85:59
85            android:name="com.example.sharetaxi.Home"
85-->src\main\AndroidManifest.xml:84:13-33
86            android:label="@string/title_activity_home" />
86-->src\main\AndroidManifest.xml:85:13-56
87        <activity
87-->src\main\AndroidManifest.xml:86:9-88:70
88            android:name="com.example.sharetaxi.REQUEST_STATUS"
88-->src\main\AndroidManifest.xml:87:13-43
89            android:label="@string/title_activity_request__status" />
89-->src\main\AndroidManifest.xml:88:13-67
90        <activity
90-->src\main\AndroidManifest.xml:89:9-91:66
91            android:name="com.example.sharetaxi.TRACKDRIVER"
91-->src\main\AndroidManifest.xml:90:13-40
92            android:label="@string/title_activity_trackdriver" />
92-->src\main\AndroidManifest.xml:91:13-63
93        <activity
93-->src\main\AndroidManifest.xml:92:9-94:69
94            android:name="com.example.sharetaxi.REQUESTDETAILS"
94-->src\main\AndroidManifest.xml:93:13-43
95            android:label="@string/title_activity_requestdetails" />
95-->src\main\AndroidManifest.xml:94:13-66
96        <activity
96-->src\main\AndroidManifest.xml:95:9-97:65
97            android:name="com.example.sharetaxi.Advancepay"
97-->src\main\AndroidManifest.xml:96:13-39
98            android:label="@string/title_activity_advancepay" />
98-->src\main\AndroidManifest.xml:97:13-62
99        <activity
99-->src\main\AndroidManifest.xml:98:9-100:68
100            android:name="com.example.sharetaxi.Notif_details"
100-->src\main\AndroidManifest.xml:99:13-42
101            android:label="@string/title_activity_notif_details" />
101-->src\main\AndroidManifest.xml:100:13-65
102        <activity
102-->src\main\AndroidManifest.xml:101:9-103:63
103            android:name="com.example.sharetaxi.Feedback"
103-->src\main\AndroidManifest.xml:102:13-37
104            android:label="@string/title_activity_feedback" />
104-->src\main\AndroidManifest.xml:103:13-60
105        <activity
105-->src\main\AndroidManifest.xml:104:9-106:64
106            android:name="com.example.sharetaxi.Complaint"
106-->src\main\AndroidManifest.xml:105:13-38
107            android:label="@string/title_activity_complaint" />
107-->src\main\AndroidManifest.xml:106:13-61
108        <activity
108-->src\main\AndroidManifest.xml:107:9-109:65
109            android:name="com.example.sharetaxi.Add_rating"
109-->src\main\AndroidManifest.xml:108:13-39
110            android:label="@string/title_activity_add_rating" />
110-->src\main\AndroidManifest.xml:109:13-62
111        <activity
111-->src\main\AndroidManifest.xml:110:9-112:59
112            android:name="com.example.sharetaxi.RATE"
112-->src\main\AndroidManifest.xml:111:13-33
113            android:label="@string/title_activity_rate" />
113-->src\main\AndroidManifest.xml:112:13-56
114        <activity
114-->src\main\AndroidManifest.xml:113:9-115:65
115            android:name="com.example.sharetaxi.Share_home"
115-->src\main\AndroidManifest.xml:114:13-39
116            android:label="@string/title_activity_share_home" />
116-->src\main\AndroidManifest.xml:115:13-62
117        <activity
117-->src\main\AndroidManifest.xml:116:9-118:68
118            android:name="com.example.sharetaxi.Sharetoothers"
118-->src\main\AndroidManifest.xml:117:13-42
119            android:label="@string/title_activity_sharetoothers" />
119-->src\main\AndroidManifest.xml:118:13-65
120        <activity
120-->src\main\AndroidManifest.xml:119:9-121:66
121            android:name="com.example.sharetaxi.View_shared"
121-->src\main\AndroidManifest.xml:120:13-40
122            android:label="@string/title_activity_view_shared" />
122-->src\main\AndroidManifest.xml:121:13-63
123        <activity
123-->src\main\AndroidManifest.xml:122:9-124:71
124            android:name="com.example.sharetaxi.SHARE_REQ_SENT"
124-->src\main\AndroidManifest.xml:123:13-43
125            android:label="@string/title_activity_share__req__sent" />
125-->src\main\AndroidManifest.xml:124:13-68
126    </application>
127
128</manifest>